{"/Users/nls.pglenn/github/revature/FlashQuizzz.REACT/src/components/FlashCardDeleter/FlashCardDeleter.tsx": {"path":"/Users/nls.pglenn/github/revature/FlashQuizzz.REACT/src/components/FlashCardDeleter/FlashCardDeleter.tsx","statementMap":{"0":{"start":{"line":1,"column":0},"end":{"line":1,"column":41}},"1":{"start":{"line":9,"column":2},"end":{"line":13,"column":24}},"2":{"start":{"line":10,"column":4},"end":{"line":12,"column":95}},"3":{"start":{"line":16,"column":21},"end":{"line":17,"column":null}},"4":{"start":{"line":19,"column":4},"end":{"line":23,"column":5}},"5":{"start":{"line":20,"column":6},"end":{"line":20,"column":40}},"6":{"start":{"line":22,"column":6},"end":{"line":22,"column":47}},"7":{"start":{"line":26,"column":2},"end":{"line":33,"column":4}},"8":{"start":{"line":36,"column":0},"end":{"line":36,"column":32}}},"fnMap":{"0":{"name":"FlashCardDeleter","decl":{"start":{"line":5,"column":9},"end":{"line":5,"column":25}},"loc":{"start":{"line":8,"column":1},"end":{"line":34,"column":1}}},"1":{"name":"(anonymous_14)","decl":{"start":{"line":9,"column":12},"end":{"line":9,"column":15}},"loc":{"start":{"line":9,"column":17},"end":{"line":13,"column":3}}},"2":{"name":"deleteFlashCard","decl":{"start":{"line":15,"column":17},"end":{"line":15,"column":32}},"loc":{"start":{"line":15,"column":32},"end":{"line":24,"column":null}}}},"branchMap":{"0":{"loc":{"start":{"line":19,"column":4},"end":{"line":23,"column":5}},"type":"if","locations":[{"start":{"line":19,"column":4},"end":{"line":23,"column":5}},{"start":{"line":21,"column":11},"end":{"line":23,"column":5}}]}},"s":{"0":1,"1":2,"2":2,"3":1,"4":1,"5":1,"6":0,"7":2,"8":1},"f":{"0":2,"1":2,"2":1},"b":{"0":[1,0]}}
,"/Users/nls.pglenn/github/revature/FlashQuizzz.REACT/src/components/forms/SelectOptions.tsx": {"path":"/Users/nls.pglenn/github/revature/FlashQuizzz.REACT/src/components/forms/SelectOptions.tsx","statementMap":{"0":{"start":{"line":1,"column":0},"end":{"line":1,"column":49}},"1":{"start":{"line":3,"column":16},"end":{"line":10,"column":2}},"2":{"start":{"line":12,"column":0},"end":{"line":12,"column":23}}},"fnMap":{},"branchMap":{},"s":{"0":1,"1":1,"2":1},"f":{},"b":{}}
,"/Users/nls.pglenn/github/revature/FlashQuizzz.REACT/src/components/forms/EditFlashCardForm/EditFlashCardForm.tsx": {"path":"/Users/nls.pglenn/github/revature/FlashQuizzz.REACT/src/components/forms/EditFlashCardForm/EditFlashCardForm.tsx","statementMap":{"0":{"start":{"line":1,"column":0},"end":{"line":1,"column":42}},"1":{"start":{"line":5,"column":0},"end":{"line":5,"column":52}},"2":{"start":{"line":6,"column":0},"end":{"line":6,"column":34}},"3":{"start":{"line":7,"column":0},"end":{"line":7,"column":39}},"4":{"start":{"line":35,"column":2},"end":{"line":48,"column":3}},"5":{"start":{"line":37,"column":6},"end":{"line":37,"column":61}},"6":{"start":{"line":39,"column":6},"end":{"line":39,"column":59}},"7":{"start":{"line":41,"column":6},"end":{"line":41,"column":61}},"8":{"start":{"line":43,"column":6},"end":{"line":44,"column":null}},"9":{"start":{"line":47,"column":6},"end":{"line":47,"column":45}},"10":{"start":{"line":61,"column":28},"end":{"line":61,"column":74}},"11":{"start":{"line":64,"column":4},"end":{"line":64,"column":69}},"12":{"start":{"line":67,"column":4},"end":{"line":67,"column":67}},"13":{"start":{"line":70,"column":4},"end":{"line":73,"column":7}},"14":{"start":{"line":76,"column":4},"end":{"line":76,"column":32}},"15":{"start":{"line":80,"column":4},"end":{"line":97,"column":5}},"16":{"start":{"line":81,"column":36},"end":{"line":90,"column":8}},"17":{"start":{"line":91,"column":23},"end":{"line":91,"column":75}},"18":{"start":{"line":92,"column":6},"end":{"line":94,"column":7}},"19":{"start":{"line":93,"column":8},"end":{"line":93,"column":38}},"20":{"start":{"line":96,"column":6},"end":{"line":96,"column":60}},"21":{"start":{"line":100,"column":2},"end":{"line":139,"column":4}},"22":{"start":{"line":127,"column":34},"end":{"line":127,"column":69}},"23":{"start":{"line":142,"column":51},"end":{"line":146,"column":2}},"24":{"start":{"line":148,"column":0},"end":{"line":148,"column":33}}},"fnMap":{"0":{"name":"formReducer","decl":{"start":{"line":31,"column":9},"end":{"line":31,"column":20}},"loc":{"start":{"line":33,"column":20},"end":{"line":49,"column":1}}},"1":{"name":"EditFlashCardForm","decl":{"start":{"line":57,"column":9},"end":{"line":57,"column":26}},"loc":{"start":{"line":60,"column":1},"end":{"line":140,"column":1}}},"2":{"name":"handleQuestionChange","decl":{"start":{"line":63,"column":11},"end":{"line":63,"column":31}},"loc":{"start":{"line":63,"column":74},"end":{"line":65,"column":3}}},"3":{"name":"handleAnswerChange","decl":{"start":{"line":66,"column":11},"end":{"line":66,"column":29}},"loc":{"start":{"line":66,"column":72},"end":{"line":68,"column":3}}},"4":{"name":"handleCategoryChange","decl":{"start":{"line":69,"column":11},"end":{"line":69,"column":31}},"loc":{"start":{"line":69,"column":47},"end":{"line":74,"column":3}}},"5":{"name":"handleReset","decl":{"start":{"line":75,"column":11},"end":{"line":75,"column":22}},"loc":{"start":{"line":75,"column":22},"end":{"line":77,"column":3}}},"6":{"name":"handleSubmit","decl":{"start":{"line":79,"column":17},"end":{"line":79,"column":29}},"loc":{"start":{"line":79,"column":29},"end":{"line":98,"column":null}}},"7":{"name":"(anonymous_22)","decl":{"start":{"line":127,"column":22},"end":{"line":127,"column":23}},"loc":{"start":{"line":127,"column":34},"end":{"line":127,"column":69}}}},"branchMap":{"0":{"loc":{"start":{"line":35,"column":2},"end":{"line":48,"column":3}},"type":"switch","locations":[{"start":{"line":36,"column":4},"end":{"line":37,"column":61}},{"start":{"line":38,"column":4},"end":{"line":39,"column":59}},{"start":{"line":40,"column":4},"end":{"line":41,"column":61}},{"start":{"line":42,"column":4},"end":{"line":44,"column":null}},{"start":{"line":46,"column":4},"end":{"line":47,"column":45}}]},"1":{"loc":{"start":{"line":64,"column":46},"end":{"line":64,"column":65}},"type":"cond-expr","locations":[{"start":{"line":64,"column":51},"end":{"line":64,"column":53}},{"start":{"line":64,"column":46},"end":{"line":64,"column":65}}]},"2":{"loc":{"start":{"line":64,"column":46},"end":{"line":64,"column":53}},"type":"binary-expr","locations":[{"start":{"line":64,"column":46},"end":{"line":64,"column":53}},{"start":{"line":64,"column":46},"end":{"line":64,"column":53}}]},"3":{"loc":{"start":{"line":67,"column":44},"end":{"line":67,"column":63}},"type":"cond-expr","locations":[{"start":{"line":67,"column":49},"end":{"line":67,"column":51}},{"start":{"line":67,"column":44},"end":{"line":67,"column":63}}]},"4":{"loc":{"start":{"line":67,"column":44},"end":{"line":67,"column":51}},"type":"binary-expr","locations":[{"start":{"line":67,"column":44},"end":{"line":67,"column":51}},{"start":{"line":67,"column":44},"end":{"line":67,"column":51}}]},"5":{"loc":{"start":{"line":92,"column":6},"end":{"line":94,"column":7}},"type":"if","locations":[{"start":{"line":92,"column":6},"end":{"line":94,"column":7}}]}},"s":{"0":1,"1":1,"2":1,"3":1,"4":30,"5":15,"6":13,"7":1,"8":1,"9":0,"10":34,"11":15,"12":13,"13":1,"14":1,"15":1,"16":1,"17":1,"18":1,"19":1,"20":0,"21":34,"22":1,"23":1,"24":1},"f":{"0":30,"1":34,"2":15,"3":13,"4":1,"5":1,"6":1,"7":1},"b":{"0":[15,13,1,1,0],"1":[0,15],"2":[15,15],"3":[0,13],"4":[13,13],"5":[1]}}
,"/Users/nls.pglenn/github/revature/FlashQuizzz.REACT/src/components/forms/LoginForm/LoginForm.tsx": {"path":"/Users/nls.pglenn/github/revature/FlashQuizzz.REACT/src/components/forms/LoginForm/LoginForm.tsx","statementMap":{"0":{"start":{"line":1,"column":0},"end":{"line":1,"column":52}},"1":{"start":{"line":5,"column":0},"end":{"line":5,"column":44}},"2":{"start":{"line":15,"column":2},"end":{"line":22,"column":3}},"3":{"start":{"line":17,"column":6},"end":{"line":17,"column":49}},"4":{"start":{"line":19,"column":6},"end":{"line":19,"column":52}},"5":{"start":{"line":21,"column":6},"end":{"line":21,"column":45}},"6":{"start":{"line":26,"column":28},"end":{"line":29,"column":4}},"7":{"start":{"line":32,"column":4},"end":{"line":32,"column":28}},"8":{"start":{"line":35,"column":4},"end":{"line":35,"column":65}},"9":{"start":{"line":38,"column":4},"end":{"line":38,"column":68}},"10":{"start":{"line":42,"column":4},"end":{"line":64,"column":5}},"11":{"start":{"line":43,"column":6},"end":{"line":43,"column":40}},"12":{"start":{"line":44,"column":28},"end":{"line":44,"column":58}},"13":{"start":{"line":45,"column":6},"end":{"line":60,"column":7}},"14":{"start":{"line":46,"column":8},"end":{"line":46,"column":33}},"15":{"start":{"line":48,"column":8},"end":{"line":48,"column":79}},"16":{"start":{"line":49,"column":36},"end":{"line":49,"column":97}},"17":{"start":{"line":50,"column":8},"end":{"line":53,"column":9}},"18":{"start":{"line":51,"column":10},"end":{"line":51,"column":45}},"19":{"start":{"line":52,"column":10},"end":{"line":52,"column":68}},"20":{"start":{"line":56,"column":8},"end":{"line":56,"column":37}},"21":{"start":{"line":58,"column":8},"end":{"line":58,"column":36}},"22":{"start":{"line":59,"column":8},"end":{"line":59,"column":49}},"23":{"start":{"line":62,"column":6},"end":{"line":62,"column":57}},"24":{"start":{"line":63,"column":6},"end":{"line":63,"column":47}},"25":{"start":{"line":67,"column":2},"end":{"line":69,"column":3}},"26":{"start":{"line":68,"column":4},"end":{"line":68,"column":40}},"27":{"start":{"line":71,"column":2},"end":{"line":106,"column":4}},"28":{"start":{"line":109,"column":0},"end":{"line":109,"column":25}}},"fnMap":{"0":{"name":"formReducer","decl":{"start":{"line":11,"column":9},"end":{"line":11,"column":20}},"loc":{"start":{"line":13,"column":20},"end":{"line":23,"column":1}}},"1":{"name":"LoginForm","decl":{"start":{"line":25,"column":9},"end":{"line":25,"column":18}},"loc":{"start":{"line":25,"column":64},"end":{"line":107,"column":1}}},"2":{"name":"handleEmailChange","decl":{"start":{"line":34,"column":11},"end":{"line":34,"column":28}},"loc":{"start":{"line":34,"column":71},"end":{"line":36,"column":3}}},"3":{"name":"handlePasswordChange","decl":{"start":{"line":37,"column":11},"end":{"line":37,"column":31}},"loc":{"start":{"line":37,"column":74},"end":{"line":39,"column":3}}},"4":{"name":"submit","decl":{"start":{"line":41,"column":17},"end":{"line":41,"column":23}},"loc":{"start":{"line":41,"column":23},"end":{"line":65,"column":null}}}},"branchMap":{"0":{"loc":{"start":{"line":15,"column":2},"end":{"line":22,"column":3}},"type":"switch","locations":[{"start":{"line":16,"column":4},"end":{"line":17,"column":49}},{"start":{"line":18,"column":4},"end":{"line":19,"column":52}},{"start":{"line":20,"column":4},"end":{"line":21,"column":45}}]},"1":{"loc":{"start":{"line":35,"column":42},"end":{"line":35,"column":61}},"type":"cond-expr","locations":[{"start":{"line":35,"column":47},"end":{"line":35,"column":49}},{"start":{"line":35,"column":42},"end":{"line":35,"column":61}}]},"2":{"loc":{"start":{"line":35,"column":42},"end":{"line":35,"column":49}},"type":"binary-expr","locations":[{"start":{"line":35,"column":42},"end":{"line":35,"column":49}},{"start":{"line":35,"column":42},"end":{"line":35,"column":49}}]},"3":{"loc":{"start":{"line":38,"column":45},"end":{"line":38,"column":64}},"type":"cond-expr","locations":[{"start":{"line":38,"column":50},"end":{"line":38,"column":52}},{"start":{"line":38,"column":45},"end":{"line":38,"column":64}}]},"4":{"loc":{"start":{"line":38,"column":45},"end":{"line":38,"column":52}},"type":"binary-expr","locations":[{"start":{"line":38,"column":45},"end":{"line":38,"column":52}},{"start":{"line":38,"column":45},"end":{"line":38,"column":52}}]},"5":{"loc":{"start":{"line":45,"column":6},"end":{"line":60,"column":7}},"type":"if","locations":[{"start":{"line":45,"column":6},"end":{"line":60,"column":7}},{"start":{"line":57,"column":13},"end":{"line":60,"column":7}}]},"6":{"loc":{"start":{"line":50,"column":8},"end":{"line":53,"column":9}},"type":"if","locations":[{"start":{"line":50,"column":8},"end":{"line":53,"column":9}}]},"7":{"loc":{"start":{"line":67,"column":2},"end":{"line":69,"column":3}},"type":"if","locations":[{"start":{"line":67,"column":2},"end":{"line":69,"column":3}}]}},"s":{"0":1,"1":1,"2":0,"3":0,"4":0,"5":0,"6":3,"7":3,"8":0,"9":0,"10":1,"11":1,"12":1,"13":1,"14":1,"15":1,"16":1,"17":1,"18":1,"19":1,"20":1,"21":0,"22":0,"23":0,"24":0,"25":3,"26":1,"27":2,"28":1},"f":{"0":0,"1":3,"2":0,"3":0,"4":1},"b":{"0":[0,0,0],"1":[0,0],"2":[0,0],"3":[0,0],"4":[0,0],"5":[1,0],"6":[1],"7":[1]}}
,"/Users/nls.pglenn/github/revature/FlashQuizzz.REACT/src/components/forms/RegisterForm/RegisterForm.tsx": {"path":"/Users/nls.pglenn/github/revature/FlashQuizzz.REACT/src/components/forms/RegisterForm/RegisterForm.tsx","statementMap":{"0":{"start":{"line":1,"column":0},"end":{"line":1,"column":63}},"1":{"start":{"line":4,"column":0},"end":{"line":4,"column":44}},"2":{"start":{"line":17,"column":2},"end":{"line":30,"column":3}},"3":{"start":{"line":19,"column":6},"end":{"line":19,"column":53}},"4":{"start":{"line":21,"column":6},"end":{"line":21,"column":52}},"5":{"start":{"line":23,"column":6},"end":{"line":23,"column":49}},"6":{"start":{"line":25,"column":6},"end":{"line":25,"column":52}},"7":{"start":{"line":27,"column":6},"end":{"line":27,"column":70}},"8":{"start":{"line":29,"column":6},"end":{"line":29,"column":45}},"9":{"start":{"line":34,"column":28},"end":{"line":39,"column":4}},"10":{"start":{"line":41,"column":50},"end":{"line":41,"column":73}},"11":{"start":{"line":42,"column":42},"end":{"line":42,"column":65}},"12":{"start":{"line":43,"column":48},"end":{"line":43,"column":72}},"13":{"start":{"line":46,"column":21},"end":{"line":46,"column":49}},"14":{"start":{"line":49,"column":23},"end":{"line":49,"column":51}},"15":{"start":{"line":50,"column":2},"end":{"line":52,"column":3}},"16":{"start":{"line":51,"column":4},"end":{"line":51,"column":34}},"17":{"start":{"line":54,"column":2},"end":{"line":67,"column":69}},"18":{"start":{"line":57,"column":6},"end":{"line":62,"column":32}},"19":{"start":{"line":64,"column":4},"end":{"line":66,"column":5}},"20":{"start":{"line":65,"column":6},"end":{"line":65,"column":40}},"21":{"start":{"line":70,"column":4},"end":{"line":70,"column":69}},"22":{"start":{"line":73,"column":4},"end":{"line":73,"column":68}},"23":{"start":{"line":76,"column":4},"end":{"line":76,"column":65}},"24":{"start":{"line":79,"column":4},"end":{"line":79,"column":68}},"25":{"start":{"line":82,"column":4},"end":{"line":82,"column":32}},"26":{"start":{"line":86,"column":4},"end":{"line":86,"column":44}},"27":{"start":{"line":87,"column":4},"end":{"line":103,"column":5}},"28":{"start":{"line":88,"column":23},"end":{"line":88,"column":56}},"29":{"start":{"line":89,"column":6},"end":{"line":100,"column":7}},"30":{"start":{"line":90,"column":8},"end":{"line":90,"column":34}},"31":{"start":{"line":91,"column":8},"end":{"line":91,"column":29}},"32":{"start":{"line":92,"column":8},"end":{"line":92,"column":22}},"33":{"start":{"line":95,"column":8},"end":{"line":95,"column":33}},"34":{"start":{"line":97,"column":8},"end":{"line":97,"column":43}},"35":{"start":{"line":98,"column":8},"end":{"line":98,"column":56}},"36":{"start":{"line":99,"column":8},"end":{"line":99,"column":22}},"37":{"start":{"line":102,"column":6},"end":{"line":102,"column":27}},"38":{"start":{"line":106,"column":2},"end":{"line":108,"column":3}},"39":{"start":{"line":107,"column":4},"end":{"line":107,"column":36}},"40":{"start":{"line":110,"column":2},"end":{"line":174,"column":4}},"41":{"start":{"line":177,"column":0},"end":{"line":177,"column":28}}},"fnMap":{"0":{"name":"formReducer","decl":{"start":{"line":13,"column":9},"end":{"line":13,"column":20}},"loc":{"start":{"line":15,"column":20},"end":{"line":31,"column":1}}},"1":{"name":"RegisterForm","decl":{"start":{"line":33,"column":9},"end":{"line":33,"column":21}},"loc":{"start":{"line":33,"column":67},"end":{"line":175,"column":1}}},"2":{"name":"(anonymous_15)","decl":{"start":{"line":54,"column":12},"end":{"line":54,"column":15}},"loc":{"start":{"line":54,"column":17},"end":{"line":67,"column":3}}},"3":{"name":"handleFirstNameChange","decl":{"start":{"line":69,"column":11},"end":{"line":69,"column":32}},"loc":{"start":{"line":69,"column":75},"end":{"line":71,"column":3}}},"4":{"name":"handleLastNameChange","decl":{"start":{"line":72,"column":11},"end":{"line":72,"column":31}},"loc":{"start":{"line":72,"column":74},"end":{"line":74,"column":3}}},"5":{"name":"handleEmailChange","decl":{"start":{"line":75,"column":11},"end":{"line":75,"column":28}},"loc":{"start":{"line":75,"column":71},"end":{"line":77,"column":3}}},"6":{"name":"handlePasswordChange","decl":{"start":{"line":78,"column":11},"end":{"line":78,"column":31}},"loc":{"start":{"line":78,"column":74},"end":{"line":80,"column":3}}},"7":{"name":"handleReset","decl":{"start":{"line":81,"column":11},"end":{"line":81,"column":22}},"loc":{"start":{"line":81,"column":22},"end":{"line":83,"column":3}}},"8":{"name":"handleFormSubmit","decl":{"start":{"line":85,"column":17},"end":{"line":85,"column":33}},"loc":{"start":{"line":85,"column":33},"end":{"line":104,"column":null}}}},"branchMap":{"0":{"loc":{"start":{"line":17,"column":2},"end":{"line":30,"column":3}},"type":"switch","locations":[{"start":{"line":18,"column":4},"end":{"line":19,"column":53}},{"start":{"line":20,"column":4},"end":{"line":21,"column":52}},{"start":{"line":22,"column":4},"end":{"line":23,"column":49}},{"start":{"line":24,"column":4},"end":{"line":25,"column":52}},{"start":{"line":26,"column":4},"end":{"line":27,"column":70}},{"start":{"line":28,"column":4},"end":{"line":29,"column":45}}]},"1":{"loc":{"start":{"line":50,"column":2},"end":{"line":52,"column":3}},"type":"if","locations":[{"start":{"line":50,"column":2},"end":{"line":52,"column":3}}]},"2":{"loc":{"start":{"line":57,"column":6},"end":{"line":62,"column":32}},"type":"binary-expr","locations":[{"start":{"line":57,"column":6},"end":{"line":57,"column":28}},{"start":{"line":58,"column":6},"end":{"line":58,"column":27}},{"start":{"line":59,"column":6},"end":{"line":59,"column":24}},{"start":{"line":60,"column":6},"end":{"line":60,"column":18}},{"start":{"line":61,"column":6},"end":{"line":61,"column":27}},{"start":{"line":62,"column":6},"end":{"line":62,"column":32}}]},"3":{"loc":{"start":{"line":64,"column":4},"end":{"line":66,"column":5}},"type":"if","locations":[{"start":{"line":64,"column":4},"end":{"line":66,"column":5}}]},"4":{"loc":{"start":{"line":70,"column":46},"end":{"line":70,"column":65}},"type":"cond-expr","locations":[{"start":{"line":70,"column":51},"end":{"line":70,"column":53}},{"start":{"line":70,"column":46},"end":{"line":70,"column":65}}]},"5":{"loc":{"start":{"line":70,"column":46},"end":{"line":70,"column":53}},"type":"binary-expr","locations":[{"start":{"line":70,"column":46},"end":{"line":70,"column":53}},{"start":{"line":70,"column":46},"end":{"line":70,"column":53}}]},"6":{"loc":{"start":{"line":73,"column":45},"end":{"line":73,"column":64}},"type":"cond-expr","locations":[{"start":{"line":73,"column":50},"end":{"line":73,"column":52}},{"start":{"line":73,"column":45},"end":{"line":73,"column":64}}]},"7":{"loc":{"start":{"line":73,"column":45},"end":{"line":73,"column":52}},"type":"binary-expr","locations":[{"start":{"line":73,"column":45},"end":{"line":73,"column":52}},{"start":{"line":73,"column":45},"end":{"line":73,"column":52}}]},"8":{"loc":{"start":{"line":76,"column":42},"end":{"line":76,"column":61}},"type":"cond-expr","locations":[{"start":{"line":76,"column":47},"end":{"line":76,"column":49}},{"start":{"line":76,"column":42},"end":{"line":76,"column":61}}]},"9":{"loc":{"start":{"line":76,"column":42},"end":{"line":76,"column":49}},"type":"binary-expr","locations":[{"start":{"line":76,"column":42},"end":{"line":76,"column":49}},{"start":{"line":76,"column":42},"end":{"line":76,"column":49}}]},"10":{"loc":{"start":{"line":79,"column":45},"end":{"line":79,"column":64}},"type":"cond-expr","locations":[{"start":{"line":79,"column":50},"end":{"line":79,"column":52}},{"start":{"line":79,"column":45},"end":{"line":79,"column":64}}]},"11":{"loc":{"start":{"line":79,"column":45},"end":{"line":79,"column":52}},"type":"binary-expr","locations":[{"start":{"line":79,"column":45},"end":{"line":79,"column":52}},{"start":{"line":79,"column":45},"end":{"line":79,"column":52}}]},"12":{"loc":{"start":{"line":89,"column":6},"end":{"line":100,"column":7}},"type":"if","locations":[{"start":{"line":89,"column":6},"end":{"line":100,"column":7}},{"start":{"line":96,"column":13},"end":{"line":100,"column":7}}]},"13":{"loc":{"start":{"line":106,"column":2},"end":{"line":108,"column":3}},"type":"if","locations":[{"start":{"line":106,"column":2},"end":{"line":108,"column":3}}]},"14":{"loc":{"start":{"line":139,"column":21},"end":{"line":139,"column":79}},"type":"cond-expr","locations":[{"start":{"line":139,"column":37},"end":{"line":139,"column":62}},{"start":{"line":139,"column":65},"end":{"line":139,"column":79}}]},"15":{"loc":{"start":{"line":142,"column":9},"end":{"line":143,"column":null}},"type":"binary-expr","locations":[{"start":{"line":142,"column":9},"end":{"line":142,"column":22}},{"start":{"line":143,"column":10},"end":{"line":143,"column":80}}]}},"s":{"0":1,"1":1,"2":7,"3":2,"4":2,"5":2,"6":0,"7":1,"8":0,"9":16,"10":16,"11":16,"12":16,"13":16,"14":16,"15":16,"16":6,"17":16,"18":10,"19":10,"20":0,"21":2,"22":2,"23":2,"24":0,"25":1,"26":0,"27":0,"28":0,"29":0,"30":0,"31":0,"32":0,"33":0,"34":0,"35":0,"36":0,"37":0,"38":16,"39":0,"40":16,"41":1},"f":{"0":7,"1":16,"2":10,"3":2,"4":2,"5":2,"6":0,"7":1,"8":0},"b":{"0":[2,2,2,0,1,0],"1":[6],"2":[10,6,4,2,2,0],"3":[0],"4":[0,2],"5":[2,2],"6":[0,2],"7":[2,2],"8":[0,2],"9":[2,2],"10":[0,0],"11":[0,0],"12":[0,0],"13":[0],"14":[10,6],"15":[16,10]}}
,"/Users/nls.pglenn/github/revature/FlashQuizzz.REACT/src/interfaces/Category.tsx": {"path":"/Users/nls.pglenn/github/revature/FlashQuizzz.REACT/src/interfaces/Category.tsx","statementMap":{"0":{"start":{"line":2,"column":0},"end":{"line":2,"column":null}},"1":{"start":{"line":3,"column":2},"end":{"line":3,"column":null}},"2":{"start":{"line":4,"column":2},"end":{"line":4,"column":null}},"3":{"start":{"line":5,"column":2},"end":{"line":5,"column":null}},"4":{"start":{"line":6,"column":2},"end":{"line":6,"column":null}},"5":{"start":{"line":7,"column":2},"end":{"line":7,"column":null}},"6":{"start":{"line":8,"column":2},"end":{"line":8,"column":null}},"7":{"start":{"line":11,"column":0},"end":{"line":11,"column":24}}},"fnMap":{"0":{"name":"(anonymous_0)","decl":{"start":{"line":2,"column":0},"end":{"line":2,"column":5}},"loc":{"start":{"line":2,"column":13},"end":{"line":9,"column":1}}}},"branchMap":{"0":{"loc":{"start":{"line":2,"column":5},"end":{"line":2,"column":null}},"type":"binary-expr","locations":[{"start":{"line":2,"column":5},"end":{"line":2,"column":13}},{"start":{"line":2,"column":5},"end":{"line":2,"column":null}}]}},"s":{"0":1,"1":1,"2":1,"3":1,"4":1,"5":1,"6":1,"7":1},"f":{"0":1},"b":{"0":[1,1]}}
,"/Users/nls.pglenn/github/revature/FlashQuizzz.REACT/src/mocks/MockRouter.tsx": {"path":"/Users/nls.pglenn/github/revature/FlashQuizzz.REACT/src/mocks/MockRouter.tsx","statementMap":{"0":{"start":{"line":4,"column":0},"end":{"line":4,"column":24}},"1":{"start":{"line":1,"column":0},"end":{"line":1,"column":26}},"2":{"start":{"line":2,"column":0},"end":{"line":2,"column":64}},"3":{"start":{"line":5,"column":2},"end":{"line":11,"column":4}}},"fnMap":{"0":{"name":"MockRouter","decl":{"start":{"line":4,"column":24},"end":{"line":4,"column":34}},"loc":{"start":{"line":4,"column":55},"end":{"line":12,"column":1}}}},"branchMap":{},"s":{"0":2,"1":2,"2":2,"3":4},"f":{"0":4},"b":{}}
,"/Users/nls.pglenn/github/revature/FlashQuizzz.REACT/src/services/FlashCardService.tsx": {"path":"/Users/nls.pglenn/github/revature/FlashQuizzz.REACT/src/services/FlashCardService.tsx","statementMap":{"0":{"start":{"line":1,"column":0},"end":{"line":1,"column":45}},"1":{"start":{"line":2,"column":0},"end":{"line":2,"column":53}},"2":{"start":{"line":7,"column":4},"end":{"line":7,"column":46}},"3":{"start":{"line":11,"column":4},"end":{"line":19,"column":5}},"4":{"start":{"line":18,"column":6},"end":{"line":18,"column":63}},"5":{"start":{"line":20,"column":4},"end":{"line":30,"column":6}},"6":{"start":{"line":34,"column":4},"end":{"line":42,"column":5}},"7":{"start":{"line":41,"column":6},"end":{"line":41,"column":63}},"8":{"start":{"line":43,"column":4},"end":{"line":45,"column":7}},"9":{"start":{"line":49,"column":4},"end":{"line":49,"column":60}},"10":{"start":{"line":52,"column":0},"end":{"line":52,"column":32}}},"fnMap":{"0":{"name":"(anonymous_1)","decl":{"start":{"line":6,"column":2},"end":{"line":6,"column":15}},"loc":{"start":{"line":6,"column":15},"end":{"line":8,"column":3}}},"1":{"name":"(anonymous_2)","decl":{"start":{"line":10,"column":2},"end":{"line":10,"column":15}},"loc":{"start":{"line":10,"column":41},"end":{"line":31,"column":3}}},"2":{"name":"(anonymous_3)","decl":{"start":{"line":33,"column":2},"end":{"line":33,"column":14}},"loc":{"start":{"line":33,"column":40},"end":{"line":46,"column":3}}},"3":{"name":"(anonymous_4)","decl":{"start":{"line":48,"column":2},"end":{"line":48,"column":17}},"loc":{"start":{"line":48,"column":28},"end":{"line":50,"column":3}}}},"branchMap":{"0":{"loc":{"start":{"line":11,"column":4},"end":{"line":19,"column":5}},"type":"if","locations":[{"start":{"line":11,"column":4},"end":{"line":19,"column":5}}]},"1":{"loc":{"start":{"line":12,"column":6},"end":{"line":16,"column":35}},"type":"binary-expr","locations":[{"start":{"line":12,"column":6},"end":{"line":12,"column":30}},{"start":{"line":13,"column":6},"end":{"line":13,"column":39}},{"start":{"line":14,"column":6},"end":{"line":14,"column":37}},{"start":{"line":15,"column":6},"end":{"line":15,"column":41}},{"start":{"line":16,"column":6},"end":{"line":16,"column":35}}]},"2":{"loc":{"start":{"line":34,"column":4},"end":{"line":42,"column":5}},"type":"if","locations":[{"start":{"line":34,"column":4},"end":{"line":42,"column":5}}]},"3":{"loc":{"start":{"line":35,"column":6},"end":{"line":39,"column":35}},"type":"binary-expr","locations":[{"start":{"line":35,"column":6},"end":{"line":35,"column":30}},{"start":{"line":36,"column":6},"end":{"line":36,"column":39}},{"start":{"line":37,"column":6},"end":{"line":37,"column":37}},{"start":{"line":38,"column":6},"end":{"line":38,"column":41}},{"start":{"line":39,"column":6},"end":{"line":39,"column":35}}]}},"s":{"0":3,"1":3,"2":1,"3":2,"4":1,"5":1,"6":2,"7":1,"8":1,"9":1,"10":3},"f":{"0":1,"1":2,"2":2,"3":1},"b":{"0":[1],"1":[2,1,1,1,1],"2":[1],"3":[2,2,1,1,1]}}
,"/Users/nls.pglenn/github/revature/FlashQuizzz.REACT/src/services/UserService.tsx": {"path":"/Users/nls.pglenn/github/revature/FlashQuizzz.REACT/src/services/UserService.tsx","statementMap":{"0":{"start":{"line":1,"column":0},"end":{"line":1,"column":45}},"1":{"start":{"line":4,"column":0},"end":{"line":4,"column":67}},"2":{"start":{"line":8,"column":4},"end":{"line":10,"column":5}},"3":{"start":{"line":9,"column":6},"end":{"line":9,"column":53}},"4":{"start":{"line":11,"column":4},"end":{"line":13,"column":5}},"5":{"start":{"line":12,"column":6},"end":{"line":12,"column":52}},"6":{"start":{"line":14,"column":4},"end":{"line":16,"column":5}},"7":{"start":{"line":15,"column":6},"end":{"line":15,"column":48}},"8":{"start":{"line":17,"column":4},"end":{"line":19,"column":5}},"9":{"start":{"line":18,"column":6},"end":{"line":18,"column":51}},"10":{"start":{"line":20,"column":4},"end":{"line":25,"column":7}},"11":{"start":{"line":28,"column":4},"end":{"line":30,"column":5}},"12":{"start":{"line":29,"column":6},"end":{"line":29,"column":48}},"13":{"start":{"line":31,"column":4},"end":{"line":33,"column":5}},"14":{"start":{"line":32,"column":6},"end":{"line":32,"column":51}},"15":{"start":{"line":34,"column":4},"end":{"line":37,"column":7}},"16":{"start":{"line":41,"column":4},"end":{"line":49,"column":6}},"17":{"start":{"line":53,"column":0},"end":{"line":53,"column":27}}},"fnMap":{"0":{"name":"(anonymous_1)","decl":{"start":{"line":7,"column":2},"end":{"line":7,"column":10}},"loc":{"start":{"line":7,"column":38},"end":{"line":26,"column":3}}},"1":{"name":"(anonymous_2)","decl":{"start":{"line":27,"column":2},"end":{"line":27,"column":7}},"loc":{"start":{"line":27,"column":32},"end":{"line":38,"column":3}}},"2":{"name":"(anonymous_3)","decl":{"start":{"line":40,"column":2},"end":{"line":40,"column":13}},"loc":{"start":{"line":40,"column":33},"end":{"line":50,"column":3}}}},"branchMap":{"0":{"loc":{"start":{"line":8,"column":4},"end":{"line":10,"column":5}},"type":"if","locations":[{"start":{"line":8,"column":4},"end":{"line":10,"column":5}}]},"1":{"loc":{"start":{"line":11,"column":4},"end":{"line":13,"column":5}},"type":"if","locations":[{"start":{"line":11,"column":4},"end":{"line":13,"column":5}}]},"2":{"loc":{"start":{"line":14,"column":4},"end":{"line":16,"column":5}},"type":"if","locations":[{"start":{"line":14,"column":4},"end":{"line":16,"column":5}}]},"3":{"loc":{"start":{"line":17,"column":4},"end":{"line":19,"column":5}},"type":"if","locations":[{"start":{"line":17,"column":4},"end":{"line":19,"column":5}}]},"4":{"loc":{"start":{"line":28,"column":4},"end":{"line":30,"column":5}},"type":"if","locations":[{"start":{"line":28,"column":4},"end":{"line":30,"column":5}}]},"5":{"loc":{"start":{"line":31,"column":4},"end":{"line":33,"column":5}},"type":"if","locations":[{"start":{"line":31,"column":4},"end":{"line":33,"column":5}}]}},"s":{"0":3,"1":3,"2":5,"3":1,"4":4,"5":1,"6":3,"7":1,"8":2,"9":1,"10":1,"11":3,"12":1,"13":2,"14":1,"15":1,"16":0,"17":3},"f":{"0":5,"1":3,"2":0},"b":{"0":[1],"1":[1],"2":[1],"3":[1],"4":[1],"5":[1]}}
}
