{"/Users/nls.pglenn/github/revature/FlashQuizzz.REACT/src/components/forms/RegisterForm/RegisterForm.tsx": {"path":"/Users/nls.pglenn/github/revature/FlashQuizzz.REACT/src/components/forms/RegisterForm/RegisterForm.tsx","statementMap":{"0":{"start":{"line":1,"column":0},"end":{"line":1,"column":42}},"1":{"start":{"line":3,"column":0},"end":{"line":3,"column":56}},"2":{"start":{"line":16,"column":2},"end":{"line":29,"column":3}},"3":{"start":{"line":18,"column":6},"end":{"line":18,"column":53}},"4":{"start":{"line":20,"column":6},"end":{"line":20,"column":52}},"5":{"start":{"line":22,"column":6},"end":{"line":22,"column":49}},"6":{"start":{"line":24,"column":6},"end":{"line":24,"column":52}},"7":{"start":{"line":26,"column":6},"end":{"line":26,"column":70}},"8":{"start":{"line":28,"column":6},"end":{"line":28,"column":45}},"9":{"start":{"line":33,"column":28},"end":{"line":38,"column":4}},"10":{"start":{"line":41,"column":4},"end":{"line":41,"column":69}},"11":{"start":{"line":44,"column":4},"end":{"line":44,"column":68}},"12":{"start":{"line":47,"column":4},"end":{"line":47,"column":65}},"13":{"start":{"line":50,"column":4},"end":{"line":50,"column":68}},"14":{"start":{"line":53,"column":4},"end":{"line":53,"column":32}},"15":{"start":{"line":57,"column":4},"end":{"line":64,"column":5}},"16":{"start":{"line":58,"column":23},"end":{"line":58,"column":56}},"17":{"start":{"line":59,"column":6},"end":{"line":61,"column":7}},"18":{"start":{"line":60,"column":8},"end":{"line":60,"column":34}},"19":{"start":{"line":63,"column":6},"end":{"line":63,"column":57}},"20":{"start":{"line":67,"column":2},"end":{"line":107,"column":4}},"21":{"start":{"line":110,"column":0},"end":{"line":110,"column":28}}},"fnMap":{"0":{"name":"formReducer","decl":{"start":{"line":12,"column":9},"end":{"line":12,"column":20}},"loc":{"start":{"line":14,"column":20},"end":{"line":30,"column":1}}},"1":{"name":"RegisterForm","decl":{"start":{"line":32,"column":9},"end":{"line":32,"column":21}},"loc":{"start":{"line":32,"column":21},"end":{"line":108,"column":1}}},"2":{"name":"handleFirstNameChange","decl":{"start":{"line":40,"column":11},"end":{"line":40,"column":32}},"loc":{"start":{"line":40,"column":75},"end":{"line":42,"column":3}}},"3":{"name":"handleLastNameChange","decl":{"start":{"line":43,"column":11},"end":{"line":43,"column":31}},"loc":{"start":{"line":43,"column":74},"end":{"line":45,"column":3}}},"4":{"name":"handleEmailChange","decl":{"start":{"line":46,"column":11},"end":{"line":46,"column":28}},"loc":{"start":{"line":46,"column":71},"end":{"line":48,"column":3}}},"5":{"name":"handlePasswordChange","decl":{"start":{"line":49,"column":11},"end":{"line":49,"column":31}},"loc":{"start":{"line":49,"column":74},"end":{"line":51,"column":3}}},"6":{"name":"handleReset","decl":{"start":{"line":52,"column":11},"end":{"line":52,"column":22}},"loc":{"start":{"line":52,"column":22},"end":{"line":54,"column":3}}},"7":{"name":"submit","decl":{"start":{"line":56,"column":17},"end":{"line":56,"column":23}},"loc":{"start":{"line":56,"column":23},"end":{"line":65,"column":null}}}},"branchMap":{"0":{"loc":{"start":{"line":16,"column":2},"end":{"line":29,"column":3}},"type":"switch","locations":[{"start":{"line":17,"column":4},"end":{"line":18,"column":53}},{"start":{"line":19,"column":4},"end":{"line":20,"column":52}},{"start":{"line":21,"column":4},"end":{"line":22,"column":49}},{"start":{"line":23,"column":4},"end":{"line":24,"column":52}},{"start":{"line":25,"column":4},"end":{"line":26,"column":70}},{"start":{"line":27,"column":4},"end":{"line":28,"column":45}}]},"1":{"loc":{"start":{"line":41,"column":46},"end":{"line":41,"column":65}},"type":"cond-expr","locations":[{"start":{"line":41,"column":51},"end":{"line":41,"column":53}},{"start":{"line":41,"column":46},"end":{"line":41,"column":65}}]},"2":{"loc":{"start":{"line":41,"column":46},"end":{"line":41,"column":53}},"type":"binary-expr","locations":[{"start":{"line":41,"column":46},"end":{"line":41,"column":53}},{"start":{"line":41,"column":46},"end":{"line":41,"column":53}}]},"3":{"loc":{"start":{"line":44,"column":45},"end":{"line":44,"column":64}},"type":"cond-expr","locations":[{"start":{"line":44,"column":50},"end":{"line":44,"column":52}},{"start":{"line":44,"column":45},"end":{"line":44,"column":64}}]},"4":{"loc":{"start":{"line":44,"column":45},"end":{"line":44,"column":52}},"type":"binary-expr","locations":[{"start":{"line":44,"column":45},"end":{"line":44,"column":52}},{"start":{"line":44,"column":45},"end":{"line":44,"column":52}}]},"5":{"loc":{"start":{"line":47,"column":42},"end":{"line":47,"column":61}},"type":"cond-expr","locations":[{"start":{"line":47,"column":47},"end":{"line":47,"column":49}},{"start":{"line":47,"column":42},"end":{"line":47,"column":61}}]},"6":{"loc":{"start":{"line":47,"column":42},"end":{"line":47,"column":49}},"type":"binary-expr","locations":[{"start":{"line":47,"column":42},"end":{"line":47,"column":49}},{"start":{"line":47,"column":42},"end":{"line":47,"column":49}}]},"7":{"loc":{"start":{"line":50,"column":45},"end":{"line":50,"column":64}},"type":"cond-expr","locations":[{"start":{"line":50,"column":50},"end":{"line":50,"column":52}},{"start":{"line":50,"column":45},"end":{"line":50,"column":64}}]},"8":{"loc":{"start":{"line":50,"column":45},"end":{"line":50,"column":52}},"type":"binary-expr","locations":[{"start":{"line":50,"column":45},"end":{"line":50,"column":52}},{"start":{"line":50,"column":45},"end":{"line":50,"column":52}}]},"9":{"loc":{"start":{"line":59,"column":6},"end":{"line":61,"column":7}},"type":"if","locations":[{"start":{"line":59,"column":6},"end":{"line":61,"column":7}}]}},"s":{"0":1,"1":1,"2":4,"3":1,"4":1,"5":1,"6":0,"7":1,"8":0,"9":7,"10":1,"11":1,"12":1,"13":0,"14":1,"15":1,"16":1,"17":0,"18":0,"19":1,"20":7,"21":1},"f":{"0":4,"1":7,"2":1,"3":1,"4":1,"5":0,"6":1,"7":1},"b":{"0":[1,1,1,0,1,0],"1":[0,1],"2":[1,1],"3":[0,1],"4":[1,1],"5":[0,1],"6":[1,1],"7":[0,0],"8":[0,0],"9":[0]}}
,"/Users/nls.pglenn/github/revature/FlashQuizzz.REACT/src/services/UserService.tsx": {"path":"/Users/nls.pglenn/github/revature/FlashQuizzz.REACT/src/services/UserService.tsx","statementMap":{"0":{"start":{"line":1,"column":0},"end":{"line":1,"column":45}},"1":{"start":{"line":4,"column":0},"end":{"line":4,"column":34}},"2":{"start":{"line":8,"column":4},"end":{"line":10,"column":5}},"3":{"start":{"line":9,"column":6},"end":{"line":9,"column":53}},"4":{"start":{"line":11,"column":4},"end":{"line":13,"column":5}},"5":{"start":{"line":12,"column":6},"end":{"line":12,"column":52}},"6":{"start":{"line":14,"column":4},"end":{"line":16,"column":5}},"7":{"start":{"line":15,"column":6},"end":{"line":15,"column":48}},"8":{"start":{"line":17,"column":4},"end":{"line":19,"column":5}},"9":{"start":{"line":18,"column":6},"end":{"line":18,"column":51}},"10":{"start":{"line":20,"column":4},"end":{"line":25,"column":7}},"11":{"start":{"line":28,"column":4},"end":{"line":31,"column":7}},"12":{"start":{"line":35,"column":0},"end":{"line":35,"column":27}}},"fnMap":{"0":{"name":"(anonymous_1)","decl":{"start":{"line":7,"column":2},"end":{"line":7,"column":8}},"loc":{"start":{"line":7,"column":45},"end":{"line":26,"column":3}}},"1":{"name":"(anonymous_2)","decl":{"start":{"line":27,"column":2},"end":{"line":27,"column":8}},"loc":{"start":{"line":27,"column":39},"end":{"line":32,"column":3}}}},"branchMap":{"0":{"loc":{"start":{"line":8,"column":4},"end":{"line":10,"column":5}},"type":"if","locations":[{"start":{"line":8,"column":4},"end":{"line":10,"column":5}}]},"1":{"loc":{"start":{"line":11,"column":4},"end":{"line":13,"column":5}},"type":"if","locations":[{"start":{"line":11,"column":4},"end":{"line":13,"column":5}}]},"2":{"loc":{"start":{"line":14,"column":4},"end":{"line":16,"column":5}},"type":"if","locations":[{"start":{"line":14,"column":4},"end":{"line":16,"column":5}}]},"3":{"loc":{"start":{"line":17,"column":4},"end":{"line":19,"column":5}},"type":"if","locations":[{"start":{"line":17,"column":4},"end":{"line":19,"column":5}}]}},"s":{"0":1,"1":1,"2":1,"3":1,"4":0,"5":0,"6":0,"7":0,"8":0,"9":0,"10":0,"11":0,"12":1},"f":{"0":1,"1":0},"b":{"0":[1],"1":[0],"2":[0],"3":[0]}}
}
