TN:
SF:src/components/FlashCardDeleter/FlashCardDeleter.tsx
FN:5,FlashCardDeleter
FN:9,(anonymous_14)
FN:15,deleteFlashCard
FNF:3
FNH:3
FNDA:2,FlashCardDeleter
FNDA:2,(anonymous_14)
FNDA:1,deleteFlashCard
DA:1,1
DA:9,2
DA:10,2
DA:16,1
DA:19,1
DA:20,1
DA:22,0
DA:26,2
DA:36,1
LF:9
LH:8
BRDA:19,0,0,1
BRDA:19,0,1,0
BRF:2
BRH:1
end_of_record
TN:
SF:src/components/forms/SelectOptions.tsx
FNF:0
FNH:0
DA:1,1
DA:3,1
DA:12,1
LF:3
LH:3
BRF:0
BRH:0
end_of_record
TN:
SF:src/components/forms/EditFlashCardForm/EditFlashCardForm.tsx
FN:31,formReducer
FN:57,EditFlashCardForm
FN:63,handleQuestionChange
FN:66,handleAnswerChange
FN:69,handleCategoryChange
FN:75,handleReset
FN:79,handleSubmit
FN:127,(anonymous_22)
FNF:8
FNH:8
FNDA:30,formReducer
FNDA:34,EditFlashCardForm
FNDA:15,handleQuestionChange
FNDA:13,handleAnswerChange
FNDA:1,handleCategoryChange
FNDA:1,handleReset
FNDA:1,handleSubmit
FNDA:1,(anonymous_22)
DA:1,1
DA:5,1
DA:6,1
DA:7,1
DA:35,30
DA:37,15
DA:39,13
DA:41,1
DA:43,1
DA:47,0
DA:61,34
DA:64,15
DA:67,13
DA:70,1
DA:76,1
DA:80,1
DA:81,1
DA:91,1
DA:92,1
DA:93,1
DA:96,0
DA:100,34
DA:127,1
DA:142,1
DA:148,1
LF:25
LH:23
BRDA:35,0,0,15
BRDA:35,0,1,13
BRDA:35,0,2,1
BRDA:35,0,3,1
BRDA:35,0,4,0
BRDA:64,1,0,0
BRDA:64,1,1,15
BRDA:64,2,0,15
BRDA:64,2,1,15
BRDA:67,3,0,0
BRDA:67,3,1,13
BRDA:67,4,0,13
BRDA:67,4,1,13
BRDA:92,5,0,1
BRF:14
BRH:11
end_of_record
TN:
SF:src/components/forms/LoginForm/LoginForm.tsx
FN:11,formReducer
FN:25,LoginForm
FN:34,handleEmailChange
FN:37,handlePasswordChange
FN:41,submit
FNF:5
FNH:2
FNDA:0,formReducer
FNDA:3,LoginForm
FNDA:0,handleEmailChange
FNDA:0,handlePasswordChange
FNDA:1,submit
DA:1,1
DA:5,1
DA:15,0
DA:17,0
DA:19,0
DA:21,0
DA:26,3
DA:32,3
DA:35,0
DA:38,0
DA:42,1
DA:43,1
DA:44,1
DA:45,1
DA:46,1
DA:48,1
DA:49,1
DA:50,1
DA:51,1
DA:52,1
DA:56,1
DA:58,0
DA:59,0
DA:62,0
DA:63,0
DA:67,3
DA:68,1
DA:71,2
DA:109,1
LF:29
LH:19
BRDA:15,0,0,0
BRDA:15,0,1,0
BRDA:15,0,2,0
BRDA:35,1,0,0
BRDA:35,1,1,0
BRDA:35,2,0,0
BRDA:35,2,1,0
BRDA:38,3,0,0
BRDA:38,3,1,0
BRDA:38,4,0,0
BRDA:38,4,1,0
BRDA:45,5,0,1
BRDA:45,5,1,0
BRDA:50,6,0,1
BRDA:67,7,0,1
BRF:15
BRH:3
end_of_record
TN:
SF:src/components/forms/RegisterForm/RegisterForm.tsx
FN:13,formReducer
FN:33,RegisterForm
FN:54,(anonymous_15)
FN:69,handleFirstNameChange
FN:72,handleLastNameChange
FN:75,handleEmailChange
FN:78,handlePasswordChange
FN:81,handleReset
FN:85,handleFormSubmit
FNF:9
FNH:7
FNDA:7,formReducer
FNDA:16,RegisterForm
FNDA:10,(anonymous_15)
FNDA:2,handleFirstNameChange
FNDA:2,handleLastNameChange
FNDA:2,handleEmailChange
FNDA:0,handlePasswordChange
FNDA:1,handleReset
FNDA:0,handleFormSubmit
DA:1,1
DA:4,1
DA:17,7
DA:19,2
DA:21,2
DA:23,2
DA:25,0
DA:27,1
DA:29,0
DA:34,16
DA:41,16
DA:42,16
DA:43,16
DA:46,16
DA:49,16
DA:50,16
DA:51,6
DA:54,16
DA:57,10
DA:64,10
DA:65,0
DA:70,2
DA:73,2
DA:76,2
DA:79,0
DA:82,1
DA:86,0
DA:87,0
DA:88,0
DA:89,0
DA:90,0
DA:91,0
DA:92,0
DA:95,0
DA:97,0
DA:98,0
DA:99,0
DA:102,0
DA:106,16
DA:107,0
DA:110,16
DA:177,1
LF:42
LH:25
BRDA:17,0,0,2
BRDA:17,0,1,2
BRDA:17,0,2,2
BRDA:17,0,3,0
BRDA:17,0,4,1
BRDA:17,0,5,0
BRDA:50,1,0,6
BRDA:57,2,0,10
BRDA:57,2,1,6
BRDA:57,2,2,4
BRDA:57,2,3,2
BRDA:57,2,4,2
BRDA:57,2,5,0
BRDA:64,3,0,0
BRDA:70,4,0,0
BRDA:70,4,1,2
BRDA:70,5,0,2
BRDA:70,5,1,2
BRDA:73,6,0,0
BRDA:73,6,1,2
BRDA:73,7,0,2
BRDA:73,7,1,2
BRDA:76,8,0,0
BRDA:76,8,1,2
BRDA:76,9,0,2
BRDA:76,9,1,2
BRDA:79,10,0,0
BRDA:79,10,1,0
BRDA:79,11,0,0
BRDA:79,11,1,0
BRDA:89,12,0,0
BRDA:89,12,1,0
BRDA:106,13,0,0
BRDA:139,14,0,10
BRDA:139,14,1,6
BRDA:142,15,0,16
BRDA:142,15,1,10
BRF:37
BRH:23
end_of_record
TN:
SF:src/interfaces/Category.tsx
FN:2,(anonymous_0)
FNF:1
FNH:1
FNDA:1,(anonymous_0)
DA:2,1
DA:3,1
DA:4,1
DA:5,1
DA:6,1
DA:7,1
DA:8,1
DA:11,1
LF:8
LH:8
BRDA:2,0,0,1
BRDA:2,0,1,1
BRF:2
BRH:2
end_of_record
TN:
SF:src/mocks/MockRouter.tsx
FN:4,MockRouter
FNF:1
FNH:1
FNDA:4,MockRouter
DA:1,2
DA:2,2
DA:4,2
DA:5,4
LF:4
LH:4
BRF:0
BRH:0
end_of_record
TN:
SF:src/services/FlashCardService.tsx
FN:6,(anonymous_1)
FN:10,(anonymous_2)
FN:33,(anonymous_3)
FN:48,(anonymous_4)
FNF:4
FNH:4
FNDA:1,(anonymous_1)
FNDA:2,(anonymous_2)
FNDA:2,(anonymous_3)
FNDA:1,(anonymous_4)
DA:1,3
DA:2,3
DA:7,1
DA:11,2
DA:18,1
DA:20,1
DA:34,2
DA:41,1
DA:43,1
DA:49,1
DA:52,3
LF:11
LH:11
BRDA:11,0,0,1
BRDA:12,1,0,2
BRDA:12,1,1,1
BRDA:12,1,2,1
BRDA:12,1,3,1
BRDA:12,1,4,1
BRDA:34,2,0,1
BRDA:35,3,0,2
BRDA:35,3,1,2
BRDA:35,3,2,1
BRDA:35,3,3,1
BRDA:35,3,4,1
BRF:12
BRH:12
end_of_record
TN:
SF:src/services/UserService.tsx
FN:7,(anonymous_1)
FN:27,(anonymous_2)
FN:40,(anonymous_3)
FNF:3
FNH:2
FNDA:5,(anonymous_1)
FNDA:3,(anonymous_2)
FNDA:0,(anonymous_3)
DA:1,3
DA:4,3
DA:8,5
DA:9,1
DA:11,4
DA:12,1
DA:14,3
DA:15,1
DA:17,2
DA:18,1
DA:20,1
DA:28,3
DA:29,1
DA:31,2
DA:32,1
DA:34,1
DA:41,0
DA:53,3
LF:18
LH:17
BRDA:8,0,0,1
BRDA:11,1,0,1
BRDA:14,2,0,1
BRDA:17,3,0,1
BRDA:28,4,0,1
BRDA:31,5,0,1
BRF:6
BRH:6
end_of_record
